================================================================================
python : Traceback (most recent call last):
En línea: 1 Carácter: 1
+ python test_odoo_generation.py 2>&1 | Out-File -FilePath test_odoo_ou ...
+ ~~~~~~~~~~~~~~~~~~~~~~~~~~~~~~~~~~~
    + CategoryInfo          : NotSpecified: (Traceback (most recent call last)::String) [], R 
   emoteException
    + FullyQualifiedErrorId : NativeCommandError
 
  File "C:\Users\alex_\OneDrive\Escritorio\agente\test_odoo_generation.py", line 21, in 
<module>
    print("\U0001f50d ANALIZANDO PROYECTO ODOO")
  File "C:\Users\alex_\AppData\Local\Programs\Python\Python312\Lib\encodings\cp1252.py", line 
19, in encode
    return codecs.charmap_encode(input,self.errors,encoding_table)[0]
           ^^^^^^^^^^^^^^^^^^^^^^^^^^^^^^^^^^^^^^^^^^^^^^^^^^^^^^^
UnicodeEncodeError: 'charmap' codec can't encode character '\U0001f50d' in position 0: 
character maps to <undefined>
